[0216/143542.630:ERROR:process_memory_win.cc(73)] ReadMemory at 0x13ff70000 of 64 bytes failed: Only part of a ReadProcessMemory or WriteProcessMemory request was completed. (0x12B)
[0216/143542.631:WARNING:pe_image_reader.cc(302)] could not read dos header from C:\Program Files (x86)\Google\Chrome\Application\chrome.exe
[0216/143542.631:ERROR:process_memory_win.cc(73)] ReadMemory at 0x13ff70000 of 64 bytes failed: Only part of a ReadProcessMemory or WriteProcessMemory request was completed. (0x12B)
[0216/143542.631:WARNING:pe_image_reader.cc(302)] could not read dos header from C:\Program Files (x86)\Google\Chrome\Application\chrome.exe
[0216/143542.631:ERROR:process_memory_win.cc(73)] ReadMemory at 0x77bb0000 of 64 bytes failed: Only part of a ReadProcessMemory or WriteProcessMemory request was completed. (0x12B)
[0216/143542.631:WARNING:pe_image_reader.cc(302)] could not read dos header from C:\Windows\SYSTEM32\ntdll.dll
[0216/143542.631:ERROR:process_memory_win.cc(73)] ReadMemory at 0x77bb0000 of 64 bytes failed: Only part of a ReadProcessMemory or WriteProcessMemory request was completed. (0x12B)
[0216/143542.631:WARNING:pe_image_reader.cc(302)] could not read dos header from C:\Windows\SYSTEM32\ntdll.dll
[0216/143542.631:ERROR:process_memory_win.cc(73)] ReadMemory at 0x77990000 of 64 bytes failed: Only part of a ReadProcessMemory or WriteProcessMemory request was completed. (0x12B)
[0216/143542.631:WARNING:pe_image_reader.cc(302)] could not read dos header from C:\Windows\system32\kernel32.dll
[0216/143542.631:ERROR:process_memory_win.cc(73)] ReadMemory at 0x77990000 of 64 bytes failed: Only part of a ReadProcessMemory or WriteProcessMemory request was completed. (0x12B)
[0216/143542.631:WARNING:pe_image_reader.cc(302)] could not read dos header from C:\Windows\system32\kernel32.dll
[0216/143542.632:ERROR:process_memory_win.cc(73)] ReadMemory at 0x77d70000 of 64 bytes failed: Only part of a ReadProcessMemory or WriteProcessMemory request was completed. (0x12B)
[0216/143542.632:WARNING:pe_image_reader.cc(302)] could not read dos header from C:\Windows\system32\PSAPI.DLL
[0216/143542.632:ERROR:process_memory_win.cc(73)] ReadMemory at 0x77d70000 of 64 bytes failed: Only part of a ReadProcessMemory or WriteProcessMemory request was completed. (0x12B)
[0216/143542.632:WARNING:pe_image_reader.cc(302)] could not read dos header from C:\Windows\system32\PSAPI.DLL
[0216/143542.640:ERROR:process_memory_win.cc(73)] ReadMemory at 0x13ff70000 of 64 bytes failed: Only part of a ReadProcessMemory or WriteProcessMemory request was completed. (0x12B)
[0216/143542.640:WARNING:pe_image_reader.cc(302)] could not read dos header from C:\Program Files (x86)\Google\Chrome\Application\chrome.exe
[0216/143542.640:ERROR:process_memory_win.cc(73)] ReadMemory at 0x77bb0000 of 64 bytes failed: Only part of a ReadProcessMemory or WriteProcessMemory request was completed. (0x12B)
[0216/143542.640:WARNING:pe_image_reader.cc(302)] could not read dos header from C:\Windows\SYSTEM32\ntdll.dll
[0216/143542.640:ERROR:process_memory_win.cc(73)] ReadMemory at 0x77990000 of 64 bytes failed: Only part of a ReadProcessMemory or WriteProcessMemory request was completed. (0x12B)
[0216/143542.640:WARNING:pe_image_reader.cc(302)] could not read dos header from C:\Windows\system32\kernel32.dll
[0216/143542.640:ERROR:process_memory_win.cc(73)] ReadMemory at 0x7fefde10000 of 64 bytes failed: Only part of a ReadProcessMemory or WriteProcessMemory request was completed. (0x12B)
[0216/143542.640:WARNING:pe_image_reader.cc(302)] could not read dos header from C:\Windows\system32\KERNELBASE.dll
[0216/143542.640:ERROR:process_memory_win.cc(73)] ReadMemory at 0x7fef17b0000 of 64 bytes failed: Only part of a ReadProcessMemory or WriteProcessMemory request was completed. (0x12B)
[0216/143542.640:WARNING:pe_image_reader.cc(302)] could not read dos header from C:\Program Files (x86)\Google\Chrome\Application\72.0.3626.109\chrome_elf.dll
[0216/143542.640:ERROR:process_memory_win.cc(73)] ReadMemory at 0x7fefcc80000 of 64 bytes failed: Only part of a ReadProcessMemory or WriteProcessMemory request was completed. (0x12B)
[0216/143542.640:WARNING:pe_image_reader.cc(302)] could not read dos header from C:\Windows\system32\VERSION.dll
[0216/143542.640:ERROR:process_memory_win.cc(73)] ReadMemory at 0x7fefdee0000 of 64 bytes failed: Only part of a ReadProcessMemory or WriteProcessMemory request was completed. (0x12B)
[0216/143542.640:WARNING:pe_image_reader.cc(302)] could not read dos header from C:\Windows\system32\msvcrt.dll
[0216/143542.640:ERROR:process_memory_win.cc(73)] ReadMemory at 0x7fefed90000 of 64 bytes failed: Only part of a ReadProcessMemory or WriteProcessMemory request was completed. (0x12B)
[0216/143542.640:WARNING:pe_image_reader.cc(302)] could not read dos header from C:\Windows\system32\SHELL32.dll
[0216/143542.640:ERROR:process_memory_win.cc(73)] ReadMemory at 0x7fefebe0000 of 64 bytes failed: Only part of a ReadProcessMemory or WriteProcessMemory request was completed. (0x12B)
[0216/143542.640:WARNING:pe_image_reader.cc(302)] could not read dos header from C:\Windows\system32\SHLWAPI.dll
[0216/143542.640:ERROR:process_memory_win.cc(73)] ReadMemory at 0x7feffb70000 of 64 bytes failed: Only part of a ReadProcessMemory or WriteProcessMemory request was completed. (0x12B)
[0216/143542.640:WARNING:pe_image_reader.cc(302)] could not read dos header from C:\Windows\system32\GDI32.dll
[0216/143542.641:ERROR:process_memory_win.cc(73)] ReadMemory at 0x4d0000 of 64 bytes failed: Only part of a ReadProcessMemory or WriteProcessMemory request was completed. (0x12B)
[0216/143542.641:WARNING:pe_image_reader.cc(302)] could not read dos header from C:\Windows\system32\USER32.dll
[0216/143542.641:ERROR:process_memory_win.cc(73)] ReadMemory at 0x7fefe590000 of 64 bytes failed: Only part of a ReadProcessMemory or WriteProcessMemory request was completed. (0x12B)
[0216/143542.641:WARNING:pe_image_reader.cc(302)] could not read dos header from C:\Windows\system32\LPK.dll
[0216/143542.641:ERROR:process_memory_win.cc(73)] ReadMemory at 0x7fefe1a0000 of 64 bytes failed: Only part of a ReadProcessMemory or WriteProcessMemory request was completed. (0x12B)
[0216/143542.641:WARNING:pe_image_reader.cc(302)] could not read dos header from C:\Windows\system32\USP10.dll
[0216/143542.641:ERROR:process_memory_win.cc(73)] ReadMemory at 0x7fefe2a0000 of 64 bytes failed: Only part of a ReadProcessMemory or WriteProcessMemory request was completed. (0x12B)
[0216/143542.641:WARNING:pe_image_reader.cc(302)] could not read dos header from C:\Windows\system32\ADVAPI32.dll
[0216/143542.641:ERROR:process_memory_win.cc(73)] ReadMemory at 0x7fefe870000 of 64 bytes failed: Only part of a ReadProcessMemory or WriteProcessMemory request was completed. (0x12B)
[0216/143542.641:WARNING:pe_image_reader.cc(302)] could not read dos header from C:\Windows\SYSTEM32\sechost.dll
[0216/143542.641:ERROR:process_memory_win.cc(73)] ReadMemory at 0x7fefe460000 of 64 bytes failed: Only part of a ReadProcessMemory or WriteProcessMemory request was completed. (0x12B)
[0216/143542.641:WARNING:pe_image_reader.cc(302)] could not read dos header from C:\Windows\system32\RPCRT4.dll
[0216/143542.641:ERROR:process_memory_win.cc(73)] ReadMemory at 0x7fefa480000 of 64 bytes failed: Only part of a ReadProcessMemory or WriteProcessMemory request was completed. (0x12B)
[0216/143542.641:WARNING:pe_image_reader.cc(302)] could not read dos header from C:\Windows\system32\WINMM.dll
[0216/143542.641:ERROR:process_memory_win.cc(73)] ReadMemory at 0x7fefce60000 of 64 bytes failed: Only part of a ReadProcessMemory or WriteProcessMemory request was completed. (0x12B)
[0216/143542.641:WARNING:pe_image_reader.cc(302)] could not read dos header from C:\Windows\system32\USERENV.dll
[0216/143542.641:ERROR:process_memory_win.cc(73)] ReadMemory at 0x7fefdb10000 of 64 bytes failed: Only part of a ReadProcessMemory or WriteProcessMemory request was completed. (0x12B)
[0216/143542.641:WARNING:pe_image_reader.cc(302)] could not read dos header from C:\Windows\system32\profapi.dll
[0216/143542.641:ERROR:process_memory_win.cc(73)] ReadMemory at 0x77d70000 of 64 bytes failed: Only part of a ReadProcessMemory or WriteProcessMemory request was completed. (0x12B)
[0216/143542.641:WARNING:pe_image_reader.cc(302)] could not read dos header from C:\Windows\system32\PSAPI.DLL
[0216/143542.641:ERROR:process_memory_win.cc(73)] ReadMemory at 0x7fefe270000 of 64 bytes failed: Only part of a ReadProcessMemory or WriteProcessMemory request was completed. (0x12B)
[0216/143542.641:WARNING:pe_image_reader.cc(302)] could not read dos header from C:\Windows\system32\IMM32.DLL
[0216/143542.641:ERROR:process_memory_win.cc(73)] ReadMemory at 0x7fefec80000 of 64 bytes failed: Only part of a ReadProcessMemory or WriteProcessMemory request was completed. (0x12B)
[0216/143542.641:WARNING:pe_image_reader.cc(302)] could not read dos header from C:\Windows\system32\MSCTF.dll
[0216/143542.641:ERROR:process_memory_win.cc(73)] ReadMemory at 0x7fee15e0000 of 64 bytes failed: Only part of a ReadProcessMemory or WriteProcessMemory request was completed. (0x12B)
[0216/143542.642:WARNING:pe_image_reader.cc(302)] could not read dos header from C:\Program Files (x86)\Google\Chrome\Application\72.0.3626.109\chrome_child.dll
[0216/143542.642:ERROR:process_memory_win.cc(73)] ReadMemory at 0x7fefe820000 of 64 bytes failed: Only part of a ReadProcessMemory or WriteProcessMemory request was completed. (0x12B)
[0216/143542.642:WARNING:pe_image_reader.cc(302)] could not read dos header from C:\Windows\system32\WS2_32.dll
[0216/143542.642:ERROR:process_memory_win.cc(73)] ReadMemory at 0x7fefe890000 of 64 bytes failed: Only part of a ReadProcessMemory or WriteProcessMemory request was completed. (0x12B)
[0216/143542.642:WARNING:pe_image_reader.cc(302)] could not read dos header from C:\Windows\system32\NSI.dll
[0216/143542.642:ERROR:process_memory_win.cc(73)] ReadMemory at 0x7fefb510000 of 64 bytes failed: Only part of a ReadProcessMemory or WriteProcessMemory request was completed. (0x12B)
[0216/143542.642:WARNING:pe_image_reader.cc(302)] could not read dos header from C:\Windows\system32\IPHLPAPI.DLL
[0216/143542.642:ERROR:process_memory_win.cc(73)] ReadMemory at 0x7fefb500000 of 64 bytes failed: Only part of a ReadProcessMemory or WriteProcessMemory request was completed. (0x12B)
[0216/143542.642:WARNING:pe_image_reader.cc(302)] could not read dos header from C:\Windows\system32\WINNSI.DLL
[0216/143542.642:ERROR:process_memory_win.cc(73)] ReadMemory at 0x7fefe9d0000 of 64 bytes failed: Only part of a ReadProcessMemory or WriteProcessMemory request was completed. (0x12B)
[0216/143542.642:WARNING:pe_image_reader.cc(302)] could not read dos header from C:\Windows\system32\ole32.dll
[0216/143542.642:ERROR:process_memory_win.cc(73)] ReadMemory at 0x7fefe380000 of 64 bytes failed: Only part of a ReadProcessMemory or WriteProcessMemory request was completed. (0x12B)
[0216/143542.642:WARNING:pe_image_reader.cc(302)] could not read dos header from C:\Windows\system32\OLEAUT32.dll
[0216/143542.642:ERROR:process_memory_win.cc(73)] ReadMemory at 0x7fef4d60000 of 64 bytes failed: Only part of a ReadProcessMemory or WriteProcessMemory request was completed. (0x12B)
[0216/143542.642:WARNING:pe_image_reader.cc(302)] could not read dos header from C:\Windows\system32\OLEACC.dll
[0216/143542.642:ERROR:process_memory_win.cc(73)] ReadMemory at 0x7fefdea0000 of 64 bytes failed: Only part of a ReadProcessMemory or WriteProcessMemory request was completed. (0x12B)
[0216/143542.642:WARNING:pe_image_reader.cc(302)] could not read dos header from C:\Windows\system32\WINTRUST.dll
[0216/143542.642:ERROR:process_memory_win.cc(73)] ReadMemory at 0x7fefdc00000 of 64 bytes failed: Only part of a ReadProcessMemory or WriteProcessMemory request was completed. (0x12B)
[0216/143542.642:WARNING:pe_image_reader.cc(302)] could not read dos header from C:\Windows\system32\CRYPT32.dll
[0216/143542.642:ERROR:process_memory_win.cc(73)] ReadMemory at 0x7fefdbb0000 of 64 bytes failed: Only part of a ReadProcessMemory or WriteProcessMemory request was completed. (0x12B)
[0216/143542.642:WARNING:pe_image_reader.cc(302)] could not read dos header from C:\Windows\system32\MSASN1.dll
[0216/143542.642:ERROR:process_memory_win.cc(73)] ReadMemory at 0x7fef1630000 of 64 bytes failed: Only part of a ReadProcessMemory or WriteProcessMemory request was completed. (0x12B)
[0216/143542.642:WARNING:pe_image_reader.cc(302)] could not read dos header from C:\Windows\system32\DWrite.dll
[0216/143542.642:ERROR:process_memory_win.cc(73)] ReadMemory at 0x7fefa140000 of 64 bytes failed: Only part of a ReadProcessMemory or WriteProcessMemory request was completed. (0x12B)
[0216/143542.642:WARNING:pe_image_reader.cc(302)] could not read dos header from C:\Windows\system32\dxgi.dll
[0216/143542.642:ERROR:process_memory_win.cc(73)] ReadMemory at 0x7fefbed0000 of 64 bytes failed: Only part of a ReadProcessMemory or WriteProcessMemory request was completed. (0x12B)
[0216/143542.642:WARNING:pe_image_reader.cc(302)] could not read dos header from C:\Windows\system32\dwmapi.dll
[0216/143542.642:ERROR:process_memory_win.cc(73)] ReadMemory at 0x7fef8720000 of 64 bytes failed: Only part of a ReadProcessMemory or WriteProcessMemory request was completed. (0x12B)
[0216/143542.642:WARNING:pe_image_reader.cc(302)] could not read dos header from C:\Windows\system32\WINSPOOL.DRV
[0216/143542.642:ERROR:process_memory_win.cc(73)] ReadMemory at 0x7fef90b0000 of 64 bytes failed: Only part of a ReadProcessMemory or WriteProcessMemory request was completed. (0x12B)
[0216/143542.642:WARNING:pe_image_reader.cc(302)] could not read dos header from C:\Windows\system32\dbghelp.dll
[0216/143542.642:ERROR:process_memory_win.cc(73)] ReadMemory at 0x7fefe5a0000 of 64 bytes failed: Only part of a ReadProcessMemory or WriteProcessMemory request was completed. (0x12B)
[0216/143542.642:WARNING:pe_image_reader.cc(302)] could not read dos header from C:\Windows\system32\COMDLG32.dll
[0216/143542.642:ERROR:process_memory_win.cc(73)] ReadMemory at 0x7fefc5b0000 of 64 bytes failed: Only part of a ReadProcessMemory or WriteProcessMemory request was completed. (0x12B)
[0216/143542.642:WARNING:pe_image_reader.cc(302)] could not read dos header from C:\Windows\WinSxS\amd64_microsoft.windows.common-controls_6595b64144ccf1df_6.0.7600.16385_none_fa645303170382f6\COMCTL32.dll
[0216/143542.642:ERROR:process_memory_win.cc(73)] ReadMemory at 0x7fef9270000 of 64 bytes failed: Only part of a ReadProcessMemory or WriteProcessMemory request was completed. (0x12B)
[0216/143542.642:WARNING:pe_image_reader.cc(302)] could not read dos header from C:\Windows\system32\WINHTTP.dll
[0216/143542.642:ERROR:process_memory_win.cc(73)] ReadMemory at 0x7fef9200000 of 64 bytes failed: Only part of a ReadProcessMemory or WriteProcessMemory request was completed. (0x12B)
[0216/143542.642:WARNING:pe_image_reader.cc(302)] could not read dos header from C:\Windows\system32\webio.dll
[0216/143542.642:ERROR:process_memory_win.cc(73)] ReadMemory at 0x7fefdf80000 of 64 bytes failed: Only part of a ReadProcessMemory or WriteProcessMemory request was completed. (0x12B)
[0216/143542.642:WARNING:pe_image_reader.cc(302)] could not read dos header from C:\Windows\system32\urlmon.dll
[0216/143542.642:ERROR:process_memory_win.cc(73)] ReadMemory at 0x7feffc60000 of 64 bytes failed: Only part of a ReadProcessMemory or WriteProcessMemory request was completed. (0x12B)
[0216/143542.642:WARNING:pe_image_reader.cc(302)] could not read dos header from C:\Windows\system32\iertutil.dll
[0216/143542.643:ERROR:process_memory_win.cc(73)] ReadMemory at 0x7fefd7f0000 of 64 bytes failed: Only part of a ReadProcessMemory or WriteProcessMemory request was completed. (0x12B)
[0216/143542.643:WARNING:pe_image_reader.cc(302)] could not read dos header from C:\Windows\system32\Secur32.dll
[0216/143542.643:ERROR:process_memory_win.cc(73)] ReadMemory at 0x7fefd9b0000 of 64 bytes failed: Only part of a ReadProcessMemory or WriteProcessMemory request was completed. (0x12B)
[0216/143542.643:WARNING:pe_image_reader.cc(302)] could not read dos header from C:\Windows\system32\SSPICLI.DLL
[0216/143542.643:ERROR:process_memory_win.cc(73)] ReadMemory at 0x7fefb1c0000 of 64 bytes failed: Only part of a ReadProcessMemory or WriteProcessMemory request was completed. (0x12B)
[0216/143542.643:WARNING:pe_image_reader.cc(302)] could not read dos header from C:\Windows\system32\dhcpcsvc.DLL
[0216/143542.643:ERROR:process_memory_win.cc(73)] ReadMemory at 0x7fefda40000 of 64 bytes failed: Only part of a ReadProcessMemory or WriteProcessMemory request was completed. (0x12B)
[0216/143542.643:WARNING:pe_image_reader.cc(302)] could not read dos header from C:\Windows\system32\cryptbase.dll
[0216/143542.644:ERROR:process_memory_win.cc(73)] ReadMemory at 0x13ff70000 of 64 bytes failed: Only part of a ReadProcessMemory or WriteProcessMemory request was completed. (0x12B)
[0216/143542.644:WARNING:pe_image_reader.cc(302)] could not read dos header from C:\Program Files (x86)\Google\Chrome\Application\chrome.exe
[0216/143542.644:ERROR:process_memory_win.cc(73)] ReadMemory at 0x77bb0000 of 64 bytes failed: Only part of a ReadProcessMemory or WriteProcessMemory request was completed. (0x12B)
[0216/143542.644:WARNING:pe_image_reader.cc(302)] could not read dos header from C:\Windows\SYSTEM32\ntdll.dll
[0216/143542.644:ERROR:process_memory_win.cc(73)] ReadMemory at 0x77990000 of 64 bytes failed: Only part of a ReadProcessMemory or WriteProcessMemory request was completed. (0x12B)
[0216/143542.644:WARNING:pe_image_reader.cc(302)] could not read dos header from C:\Windows\system32\kernel32.dll
[0216/143542.644:ERROR:process_memory_win.cc(73)] ReadMemory at 0x7fefde10000 of 64 bytes failed: Only part of a ReadProcessMemory or WriteProcessMemory request was completed. (0x12B)
[0216/143542.644:WARNING:pe_image_reader.cc(302)] could not read dos header from C:\Windows\system32\KERNELBASE.dll
[0216/143542.644:ERROR:process_memory_win.cc(73)] ReadMemory at 0x7fef17b0000 of 64 bytes failed: Only part of a ReadProcessMemory or WriteProcessMemory request was completed. (0x12B)
[0216/143542.644:WARNING:pe_image_reader.cc(302)] could not read dos header from C:\Program Files (x86)\Google\Chrome\Application\72.0.3626.109\chrome_elf.dll
[0216/143542.644:ERROR:process_memory_win.cc(73)] ReadMemory at 0x7fefcc80000 of 64 bytes failed: Only part of a ReadProcessMemory or WriteProcessMemory request was completed. (0x12B)
[0216/143542.644:WARNING:pe_image_reader.cc(302)] could not read dos header from C:\Windows\system32\VERSION.dll
[0216/143542.644:ERROR:process_memory_win.cc(73)] ReadMemory at 0x7fefdee0000 of 64 bytes failed: Only part of a ReadProcessMemory or WriteProcessMemory request was completed. (0x12B)
[0216/143542.644:WARNING:pe_image_reader.cc(302)] could not read dos header from C:\Windows\system32\msvcrt.dll
[0216/143542.644:ERROR:process_memory_win.cc(73)] ReadMemory at 0x7fefed90000 of 64 bytes failed: Only part of a ReadProcessMemory or WriteProcessMemory request was completed. (0x12B)
[0216/143542.644:WARNING:pe_image_reader.cc(302)] could not read dos header from C:\Windows\system32\SHELL32.dll
[0216/143542.645:ERROR:process_memory_win.cc(73)] ReadMemory at 0x7fefebe0000 of 64 bytes failed: Only part of a ReadProcessMemory or WriteProcessMemory request was completed. (0x12B)
[0216/143542.645:WARNING:pe_image_reader.cc(302)] could not read dos header from C:\Windows\system32\SHLWAPI.dll
[0216/143542.645:ERROR:process_memory_win.cc(73)] ReadMemory at 0x7feffb70000 of 64 bytes failed: Only part of a ReadProcessMemory or WriteProcessMemory request was completed. (0x12B)
[0216/143542.645:WARNING:pe_image_reader.cc(302)] could not read dos header from C:\Windows\system32\GDI32.dll
[0216/143542.645:ERROR:process_memory_win.cc(73)] ReadMemory at 0x4d0000 of 64 bytes failed: Only part of a ReadProcessMemory or WriteProcessMemory request was completed. (0x12B)
[0216/143542.645:WARNING:pe_image_reader.cc(302)] could not read dos header from C:\Windows\system32\USER32.dll
[0216/143542.645:ERROR:process_memory_win.cc(73)] ReadMemory at 0x7fefe590000 of 64 bytes failed: Only part of a ReadProcessMemory or WriteProcessMemory request was completed. (0x12B)
[0216/143542.645:WARNING:pe_image_reader.cc(302)] could not read dos header from C:\Windows\system32\LPK.dll
[0216/143542.645:ERROR:process_memory_win.cc(73)] ReadMemory at 0x7fefe1a0000 of 64 bytes failed: Only part of a ReadProcessMemory or WriteProcessMemory request was completed. (0x12B)
[0216/143542.645:WARNING:pe_image_reader.cc(302)] could not read dos header from C:\Windows\system32\USP10.dll
[0216/143542.645:ERROR:process_memory_win.cc(73)] ReadMemory at 0x7fefe2a0000 of 64 bytes failed: Only part of a ReadProcessMemory or WriteProcessMemory request was completed. (0x12B)
[0216/143542.645:WARNING:pe_image_reader.cc(302)] could not read dos header from C:\Windows\system32\ADVAPI32.dll
[0216/143542.645:ERROR:process_memory_win.cc(73)] ReadMemory at 0x7fefe870000 of 64 bytes failed: Only part of a ReadProcessMemory or WriteProcessMemory request was completed. (0x12B)
[0216/143542.645:WARNING:pe_image_reader.cc(302)] could not read dos header from C:\Windows\SYSTEM32\sechost.dll
[0216/143542.645:ERROR:process_memory_win.cc(73)] ReadMemory at 0x7fefe460000 of 64 bytes failed: Only part of a ReadProcessMemory or WriteProcessMemory request was completed. (0x12B)
[0216/143542.645:WARNING:pe_image_reader.cc(302)] could not read dos header from C:\Windows\system32\RPCRT4.dll
[0216/143542.645:ERROR:process_memory_win.cc(73)] ReadMemory at 0x7fefa480000 of 64 bytes failed: Only part of a ReadProcessMemory or WriteProcessMemory request was completed. (0x12B)
[0216/143542.645:WARNING:pe_image_reader.cc(302)] could not read dos header from C:\Windows\system32\WINMM.dll
[0216/143542.645:ERROR:process_memory_win.cc(73)] ReadMemory at 0x7fefce60000 of 64 bytes failed: Only part of a ReadProcessMemory or WriteProcessMemory request was completed. (0x12B)
[0216/143542.645:WARNING:pe_image_reader.cc(302)] could not read dos header from C:\Windows\system32\USERENV.dll
[0216/143542.645:ERROR:process_memory_win.cc(73)] ReadMemory at 0x7fefdb10000 of 64 bytes failed: Only part of a ReadProcessMemory or WriteProcessMemory request was completed. (0x12B)
[0216/143542.645:WARNING:pe_image_reader.cc(302)] could not read dos header from C:\Windows\system32\profapi.dll
[0216/143542.645:ERROR:process_memory_win.cc(73)] ReadMemory at 0x77d70000 of 64 bytes failed: Only part of a ReadProcessMemory or WriteProcessMemory request was completed. (0x12B)
[0216/143542.645:WARNING:pe_image_reader.cc(302)] could not read dos header from C:\Windows\system32\PSAPI.DLL
[0216/143542.645:ERROR:process_memory_win.cc(73)] ReadMemory at 0x7fefe270000 of 64 bytes failed: Only part of a ReadProcessMemory or WriteProcessMemory request was completed. (0x12B)
[0216/143542.645:WARNING:pe_image_reader.cc(302)] could not read dos header from C:\Windows\system32\IMM32.DLL
[0216/143542.645:ERROR:process_memory_win.cc(73)] ReadMemory at 0x7fefec80000 of 64 bytes failed: Only part of a ReadProcessMemory or WriteProcessMemory request was completed. (0x12B)
[0216/143542.645:WARNING:pe_image_reader.cc(302)] could not read dos header from C:\Windows\system32\MSCTF.dll
[0216/143542.646:ERROR:process_memory_win.cc(73)] ReadMemory at 0x7fee15e0000 of 64 bytes failed: Only part of a ReadProcessMemory or WriteProcessMemory request was completed. (0x12B)
[0216/143542.646:WARNING:pe_image_reader.cc(302)] could not read dos header from C:\Program Files (x86)\Google\Chrome\Application\72.0.3626.109\chrome_child.dll
[0216/143542.646:ERROR:process_memory_win.cc(73)] ReadMemory at 0x7fefe820000 of 64 bytes failed: Only part of a ReadProcessMemory or WriteProcessMemory request was completed. (0x12B)
[0216/143542.646:WARNING:pe_image_reader.cc(302)] could not read dos header from C:\Windows\system32\WS2_32.dll
[0216/143542.646:ERROR:process_memory_win.cc(73)] ReadMemory at 0x7fefe890000 of 64 bytes failed: Only part of a ReadProcessMemory or WriteProcessMemory request was completed. (0x12B)
[0216/143542.646:WARNING:pe_image_reader.cc(302)] could not read dos header from C:\Windows\system32\NSI.dll
[0216/143542.646:ERROR:process_memory_win.cc(73)] ReadMemory at 0x7fefb510000 of 64 bytes failed: Only part of a ReadProcessMemory or WriteProcessMemory request was completed. (0x12B)
[0216/143542.646:WARNING:pe_image_reader.cc(302)] could not read dos header from C:\Windows\system32\IPHLPAPI.DLL
[0216/143542.646:ERROR:process_memory_win.cc(73)] ReadMemory at 0x7fefb500000 of 64 bytes failed: Only part of a ReadProcessMemory or WriteProcessMemory request was completed. (0x12B)
[0216/143542.646:WARNING:pe_image_reader.cc(302)] could not read dos header from C:\Windows\system32\WINNSI.DLL
[0216/143542.646:ERROR:process_memory_win.cc(73)] ReadMemory at 0x7fefe9d0000 of 64 bytes failed: Only part of a ReadProcessMemory or WriteProcessMemory request was completed. (0x12B)
[0216/143542.646:WARNING:pe_image_reader.cc(302)] could not read dos header from C:\Windows\system32\ole32.dll
[0216/143542.646:ERROR:process_memory_win.cc(73)] ReadMemory at 0x7fefe380000 of 64 bytes failed: Only part of a ReadProcessMemory or WriteProcessMemory request was completed. (0x12B)
[0216/143542.646:WARNING:pe_image_reader.cc(302)] could not read dos header from C:\Windows\system32\OLEAUT32.dll
[0216/143542.646:ERROR:process_memory_win.cc(73)] ReadMemory at 0x7fef4d60000 of 64 bytes failed: Only part of a ReadProcessMemory or WriteProcessMemory request was completed. (0x12B)
[0216/143542.646:WARNING:pe_image_reader.cc(302)] could not read dos header from C:\Windows\system32\OLEACC.dll
[0216/143542.646:ERROR:process_memory_win.cc(73)] ReadMemory at 0x7fefdea0000 of 64 bytes failed: Only part of a ReadProcessMemory or WriteProcessMemory request was completed. (0x12B)
[0216/143542.646:WARNING:pe_image_reader.cc(302)] could not read dos header from C:\Windows\system32\WINTRUST.dll
[0216/143542.646:ERROR:process_memory_win.cc(73)] ReadMemory at 0x7fefdc00000 of 64 bytes failed: Only part of a ReadProcessMemory or WriteProcessMemory request was completed. (0x12B)
[0216/143542.646:WARNING:pe_image_reader.cc(302)] could not read dos header from C:\Windows\system32\CRYPT32.dll
[0216/143542.646:ERROR:process_memory_win.cc(73)] ReadMemory at 0x7fefdbb0000 of 64 bytes failed: Only part of a ReadProcessMemory or WriteProcessMemory request was completed. (0x12B)
[0216/143542.646:WARNING:pe_image_reader.cc(302)] could not read dos header from C:\Windows\system32\MSASN1.dll
[0216/143542.646:ERROR:process_memory_win.cc(73)] ReadMemory at 0x7fef1630000 of 64 bytes failed: Only part of a ReadProcessMemory or WriteProcessMemory request was completed. (0x12B)
[0216/143542.646:WARNING:pe_image_reader.cc(302)] could not read dos header from C:\Windows\system32\DWrite.dll
[0216/143542.646:ERROR:process_memory_win.cc(73)] ReadMemory at 0x7fefa140000 of 64 bytes failed: Only part of a ReadProcessMemory or WriteProcessMemory request was completed. (0x12B)
[0216/143542.646:WARNING:pe_image_reader.cc(302)] could not read dos header from C:\Windows\system32\dxgi.dll
[0216/143542.646:ERROR:process_memory_win.cc(73)] ReadMemory at 0x7fefbed0000 of 64 bytes failed: Only part of a ReadProcessMemory or WriteProcessMemory request was completed. (0x12B)
[0216/143542.646:WARNING:pe_image_reader.cc(302)] could not read dos header from C:\Windows\system32\dwmapi.dll
[0216/143542.647:ERROR:process_memory_win.cc(73)] ReadMemory at 0x7fef8720000 of 64 bytes failed: Only part of a ReadProcessMemory or WriteProcessMemory request was completed. (0x12B)
[0216/143542.647:WARNING:pe_image_reader.cc(302)] could not read dos header from C:\Windows\system32\WINSPOOL.DRV
[0216/143542.647:ERROR:process_memory_win.cc(73)] ReadMemory at 0x7fef90b0000 of 64 bytes failed: Only part of a ReadProcessMemory or WriteProcessMemory request was completed. (0x12B)
[0216/143542.647:WARNING:pe_image_reader.cc(302)] could not read dos header from C:\Windows\system32\dbghelp.dll
[0216/143542.647:ERROR:process_memory_win.cc(73)] ReadMemory at 0x7fefe5a0000 of 64 bytes failed: Only part of a ReadProcessMemory or WriteProcessMemory request was completed. (0x12B)
[0216/143542.647:WARNING:pe_image_reader.cc(302)] could not read dos header from C:\Windows\system32\COMDLG32.dll
[0216/143542.647:ERROR:process_memory_win.cc(73)] ReadMemory at 0x7fefc5b0000 of 64 bytes failed: Only part of a ReadProcessMemory or WriteProcessMemory request was completed. (0x12B)
[0216/143542.647:WARNING:pe_image_reader.cc(302)] could not read dos header from C:\Windows\WinSxS\amd64_microsoft.windows.common-controls_6595b64144ccf1df_6.0.7600.16385_none_fa645303170382f6\COMCTL32.dll
[0216/143542.647:ERROR:process_memory_win.cc(73)] ReadMemory at 0x7fef9270000 of 64 bytes failed: Only part of a ReadProcessMemory or WriteProcessMemory request was completed. (0x12B)
[0216/143542.647:WARNING:pe_image_reader.cc(302)] could not read dos header from C:\Windows\system32\WINHTTP.dll
[0216/143542.647:ERROR:process_memory_win.cc(73)] ReadMemory at 0x7fef9200000 of 64 bytes failed: Only part of a ReadProcessMemory or WriteProcessMemory request was completed. (0x12B)
[0216/143542.647:WARNING:pe_image_reader.cc(302)] could not read dos header from C:\Windows\system32\webio.dll
[0216/143542.647:ERROR:process_memory_win.cc(73)] ReadMemory at 0x7fefdf80000 of 64 bytes failed: Only part of a ReadProcessMemory or WriteProcessMemory request was completed. (0x12B)
[0216/143542.647:WARNING:pe_image_reader.cc(302)] could not read dos header from C:\Windows\system32\urlmon.dll
[0216/143542.647:ERROR:process_memory_win.cc(73)] ReadMemory at 0x7feffc60000 of 64 bytes failed: Only part of a ReadProcessMemory or WriteProcessMemory request was completed. (0x12B)
[0216/143542.647:WARNING:pe_image_reader.cc(302)] could not read dos header from C:\Windows\system32\iertutil.dll
[0216/143542.647:ERROR:process_memory_win.cc(73)] ReadMemory at 0x7fefd7f0000 of 64 bytes failed: Only part of a ReadProcessMemory or WriteProcessMemory request was completed. (0x12B)
[0216/143542.647:WARNING:pe_image_reader.cc(302)] could not read dos header from C:\Windows\system32\Secur32.dll
[0216/143542.647:ERROR:process_memory_win.cc(73)] ReadMemory at 0x7fefd9b0000 of 64 bytes failed: Only part of a ReadProcessMemory or WriteProcessMemory request was completed. (0x12B)
[0216/143542.647:WARNING:pe_image_reader.cc(302)] could not read dos header from C:\Windows\system32\SSPICLI.DLL
[0216/143542.647:ERROR:process_memory_win.cc(73)] ReadMemory at 0x7fefb1c0000 of 64 bytes failed: Only part of a ReadProcessMemory or WriteProcessMemory request was completed. (0x12B)
[0216/143542.647:WARNING:pe_image_reader.cc(302)] could not read dos header from C:\Windows\system32\dhcpcsvc.DLL
[0216/143542.647:ERROR:process_memory_win.cc(73)] ReadMemory at 0x7fefda40000 of 64 bytes failed: Only part of a ReadProcessMemory or WriteProcessMemory request was completed. (0x12B)
[0216/143542.647:WARNING:pe_image_reader.cc(302)] could not read dos header from C:\Windows\system32\cryptbase.dll
[0216/143542.654:ERROR:process_memory_win.cc(73)] ReadMemory at 0x2e2000 of 57344 bytes failed: Only part of a ReadProcessMemory or WriteProcessMemory request was completed. (0x12B)
[0216/143542.654:ERROR:process_memory_win.cc(73)] ReadMemory at 0x33de000 of 8192 bytes failed: Only part of a ReadProcessMemory or WriteProcessMemory request was completed. (0x12B)
[0216/143542.654:ERROR:process_memory_win.cc(73)] ReadMemory at 0x374d000 of 12288 bytes failed: Only part of a ReadProcessMemory or WriteProcessMemory request was completed. (0x12B)
[0216/143542.654:ERROR:process_memory_win.cc(73)] ReadMemory at 0x3a3e000 of 8192 bytes failed: Only part of a ReadProcessMemory or WriteProcessMemory request was completed. (0x12B)
[0216/143542.654:ERROR:process_memory_win.cc(73)] ReadMemory at 0x3c6d000 of 12288 bytes failed: Only part of a ReadProcessMemory or WriteProcessMemory request was completed. (0x12B)
[0216/143542.654:ERROR:process_memory_win.cc(73)] ReadMemory at 0x401e000 of 8192 bytes failed: Only part of a ReadProcessMemory or WriteProcessMemory request was completed. (0x12B)
[0216/143542.654:ERROR:process_memory_win.cc(73)] ReadMemory at 0x43cd000 of 12288 bytes failed: Only part of a ReadProcessMemory or WriteProcessMemory request was completed. (0x12B)
[0216/143542.654:ERROR:process_memory_win.cc(73)] ReadMemory at 0x463f000 of 4096 bytes failed: Only part of a ReadProcessMemory or WriteProcessMemory request was completed. (0x12B)
[0216/143542.654:ERROR:process_memory_win.cc(73)] ReadMemory at 0x4a2e000 of 8192 bytes failed: Only part of a ReadProcessMemory or WriteProcessMemory request was completed. (0x12B)
[0216/143542.655:ERROR:process_memory_win.cc(73)] ReadMemory at 0x4c9e000 of 8192 bytes failed: Only part of a ReadProcessMemory or WriteProcessMemory request was completed. (0x12B)
[0216/143542.655:ERROR:process_memory_win.cc(73)] ReadMemory at 0x516b000 of 20480 bytes failed: Only part of a ReadProcessMemory or WriteProcessMemory request was completed. (0x12B)
[0216/143542.655:ERROR:process_memory_win.cc(73)] ReadMemory at 0x5539000 of 94208 bytes failed: Only part of a ReadProcessMemory or WriteProcessMemory request was completed. (0x12B)
[0216/143542.655:ERROR:process_memory_win.cc(73)] ReadMemory at 0x5819000 of 94208 bytes failed: Only part of a ReadProcessMemory or WriteProcessMemory request was completed. (0x12B)
[0216/143542.655:ERROR:process_memory_win.cc(73)] ReadMemory at 0x5af9000 of 94208 bytes failed: Only part of a ReadProcessMemory or WriteProcessMemory request was completed. (0x12B)
[0216/143542.655:ERROR:process_memory_win.cc(73)] ReadMemory at 0x5fbd000 of 12288 bytes failed: Only part of a ReadProcessMemory or WriteProcessMemory request was completed. (0x12B)
[0216/143542.655:ERROR:process_memory_win.cc(73)] ReadMemory at 0x8446000 of 40960 bytes failed: Only part of a ReadProcessMemory or WriteProcessMemory request was completed. (0x12B)
[0216/143542.655:ERROR:process_memory_win.cc(73)] ReadMemory at 0x770c000 of 16384 bytes failed: Only part of a ReadProcessMemory or WriteProcessMemory request was completed. (0x12B)
[0216/143542.655:ERROR:process_memory_win.cc(73)] ReadMemory at 0x40000 of 384 bytes failed: Only part of a ReadProcessMemory or WriteProcessMemory request was completed. (0x12B)
[0216/143542.655:ERROR:process_memory_win.cc(73)] ReadMemory at 0x80000 of 384 bytes failed: Only part of a ReadProcessMemory or WriteProcessMemory request was completed. (0x12B)
[0216/143542.655:ERROR:process_memory_win.cc(73)] ReadMemory at 0x3d1320 of 3690 bytes failed: Only part of a ReadProcessMemory or WriteProcessMemory request was completed. (0x12B)
[0216/143542.655:ERROR:process_memory_win.cc(73)] ReadMemory at 0x3d21a0 of 1012 bytes failed: Only part of a ReadProcessMemory or WriteProcessMemory request was completed. (0x12B)
[0216/143542.656:ERROR:process_memory_win.cc(73)] ReadMemory at 0x3d27a8 of 902 bytes failed: Only part of a ReadProcessMemory or WriteProcessMemory request was completed. (0x12B)
[0216/143542.656:ERROR:process_memory_win.cc(73)] ReadMemory at 0x3d2b30 of 118 bytes failed: Only part of a ReadProcessMemory or WriteProcessMemory request was completed. (0x12B)
[0216/143542.656:ERROR:process_memory_win.cc(73)] ReadMemory at 0x3d2ba8 of 1414 bytes failed: Only part of a ReadProcessMemory or WriteProcessMemory request was completed. (0x12B)
[0216/143542.656:ERROR:process_memory_win.cc(73)] ReadMemory at 0x3d3130 of 118 bytes failed: Only part of a ReadProcessMemory or WriteProcessMemory request was completed. (0x12B)
[0216/143542.656:ERROR:process_memory_win.cc(73)] ReadMemory at 0x3d31a8 of 94 bytes failed: Only part of a ReadProcessMemory or WriteProcessMemory request was completed. (0x12B)
[0216/143542.656:ERROR:process_memory_win.cc(73)] ReadMemory at 0x3d3220 of 58 bytes failed: Only part of a ReadProcessMemory or WriteProcessMemory request was completed. (0x12B)
[0216/143542.656:ERROR:process_memory_win.cc(73)] ReadMemory at 0x3d32b0 of 132 bytes failed: Only part of a ReadProcessMemory or WriteProcessMemory request was completed. (0x12B)
[0216/143542.656:ERROR:process_memory_win.cc(73)] ReadMemory at 0x3d33a0 of 132 bytes failed: Only part of a ReadProcessMemory or WriteProcessMemory request was completed. (0x12B)
[0216/143542.656:ERROR:process_memory_win.cc(73)] ReadMemory at 0x3d34b8 of 126 bytes failed: Only part of a ReadProcessMemory or WriteProcessMemory request was completed. (0x12B)
[0216/143542.656:ERROR:process_memory_win.cc(73)] ReadMemory at 0x3d37a0 of 64 bytes failed: Only part of a ReadProcessMemory or WriteProcessMemory request was completed. (0x12B)
[0216/143542.656:ERROR:process_memory_win.cc(73)] ReadMemory at 0x3d37f0 of 132 bytes failed: Only part of a ReadProcessMemory or WriteProcessMemory request was completed. (0x12B)
[0216/143542.656:ERROR:process_memory_win.cc(73)] ReadMemory at 0x3d3910 of 68 bytes failed: Only part of a ReadProcessMemory or WriteProcessMemory request was completed. (0x12B)
[0216/143542.656:ERROR:process_memory_win.cc(73)] ReadMemory at 0x3d3960 of 132 bytes failed: Only part of a ReadProcessMemory or WriteProcessMemory request was completed. (0x12B)
[0216/143542.656:ERROR:process_memory_win.cc(73)] ReadMemory at 0x3d4aa0 of 60 bytes failed: Only part of a ReadProcessMemory or WriteProcessMemory request was completed. (0x12B)
[0216/143542.656:ERROR:process_memory_win.cc(73)] ReadMemory at 0x3d4c50 of 154 bytes failed: Only part of a ReadProcessMemory or WriteProcessMemory request was completed. (0x12B)
[0216/143542.656:ERROR:process_memory_win.cc(73)] ReadMemory at 0x3d4d00 of 132 bytes failed: Only part of a ReadProcessMemory or WriteProcessMemory request was completed. (0x12B)
[0216/143542.656:ERROR:process_memory_win.cc(73)] ReadMemory at 0x3d5510 of 132 bytes failed: Only part of a ReadProcessMemory or WriteProcessMemory request was completed. (0x12B)
[0216/143542.657:ERROR:process_memory_win.cc(73)] ReadMemory at 0x3d5740 of 62 bytes failed: Only part of a ReadProcessMemory or WriteProcessMemory request was completed. (0x12B)
[0216/143542.657:ERROR:process_memory_win.cc(73)] ReadMemory at 0x3d5790 of 132 bytes failed: Only part of a ReadProcessMemory or WriteProcessMemory request was completed. (0x12B)
[0216/143542.657:ERROR:process_memory_win.cc(73)] ReadMemory at 0x3d5900 of 62 bytes failed: Only part of a ReadProcessMemory or WriteProcessMemory request was completed. (0x12B)
[0216/143542.657:ERROR:process_memory_win.cc(73)] ReadMemory at 0x3d5950 of 132 bytes failed: Only part of a ReadProcessMemory or WriteProcessMemory request was completed. (0x12B)
[0216/143542.657:ERROR:process_memory_win.cc(73)] ReadMemory at 0x410570 of 62 bytes failed: Only part of a ReadProcessMemory or WriteProcessMemory request was completed. (0x12B)
[0216/143542.657:ERROR:process_memory_win.cc(73)] ReadMemory at 0x4105c0 of 132 bytes failed: Only part of a ReadProcessMemory or WriteProcessMemory request was completed. (0x12B)
[0216/143542.657:ERROR:process_memory_win.cc(73)] ReadMemory at 0x4106b0 of 58 bytes failed: Only part of a ReadProcessMemory or WriteProcessMemory request was completed. (0x12B)
[0216/143542.657:ERROR:process_memory_win.cc(73)] ReadMemory at 0x410700 of 132 bytes failed: Only part of a ReadProcessMemory or WriteProcessMemory request was completed. (0x12B)
[0216/143542.657:ERROR:process_memory_win.cc(73)] ReadMemory at 0x4107f0 of 60 bytes failed: Only part of a ReadProcessMemory or WriteProcessMemory request was completed. (0x12B)
[0216/143542.657:ERROR:process_memory_win.cc(73)] ReadMemory at 0x410840 of 132 bytes failed: Only part of a ReadProcessMemory or WriteProcessMemory request was completed. (0x12B)
[0216/143542.657:ERROR:process_memory_win.cc(73)] ReadMemory at 0x410930 of 54 bytes failed: Only part of a ReadProcessMemory or WriteProcessMemory request was completed. (0x12B)
[0216/143542.657:ERROR:process_memory_win.cc(73)] ReadMemory at 0x410970 of 132 bytes failed: Only part of a ReadProcessMemory or WriteProcessMemory request was completed. (0x12B)
[0216/143542.657:ERROR:process_memory_win.cc(73)] ReadMemory at 0x410a60 of 58 bytes failed: Only part of a ReadProcessMemory or WriteProcessMemory request was completed. (0x12B)
[0216/143542.657:ERROR:process_memory_win.cc(73)] ReadMemory at 0x410ab0 of 132 bytes failed: Only part of a ReadProcessMemory or WriteProcessMemory request was completed. (0x12B)
[0216/143542.657:ERROR:process_memory_win.cc(73)] ReadMemory at 0x410bd0 of 64 bytes failed: Only part of a ReadProcessMemory or WriteProcessMemory request was completed. (0x12B)
[0216/143542.657:ERROR:process_memory_win.cc(73)] ReadMemory at 0x410c20 of 62 bytes failed: Only part of a ReadProcessMemory or WriteProcessMemory request was completed. (0x12B)
[0216/143542.657:ERROR:process_memory_win.cc(73)] ReadMemory at 0x410c70 of 60 bytes failed: Only part of a ReadProcessMemory or WriteProcessMemory request was completed. (0x12B)
[0216/143542.658:ERROR:process_memory_win.cc(73)] ReadMemory at 0x410cc0 of 58 bytes failed: Only part of a ReadProcessMemory or WriteProcessMemory request was completed. (0x12B)
[0216/143542.658:ERROR:process_memory_win.cc(73)] ReadMemory at 0x410d10 of 62 bytes failed: Only part of a ReadProcessMemory or WriteProcessMemory request was completed. (0x12B)
[0216/143542.658:ERROR:process_memory_win.cc(73)] ReadMemory at 0x410d60 of 62 bytes failed: Only part of a ReadProcessMemory or WriteProcessMemory request was completed. (0x12B)
[0216/143542.658:ERROR:process_memory_win.cc(73)] ReadMemory at 0x410db0 of 58 bytes failed: Only part of a ReadProcessMemory or WriteProcessMemory request was completed. (0x12B)
[0216/143542.658:ERROR:process_memory_win.cc(73)] ReadMemory at 0x410e00 of 58 bytes failed: Only part of a ReadProcessMemory or WriteProcessMemory request was completed. (0x12B)
[0216/143542.658:ERROR:process_memory_win.cc(73)] ReadMemory at 0x410e50 of 58 bytes failed: Only part of a ReadProcessMemory or WriteProcessMemory request was completed. (0x12B)
[0216/143542.658:ERROR:process_memory_win.cc(73)] ReadMemory at 0x410ea0 of 60 bytes failed: Only part of a ReadProcessMemory or WriteProcessMemory request was completed. (0x12B)
[0216/143542.658:ERROR:process_memory_win.cc(73)] ReadMemory at 0x410ef0 of 64 bytes failed: Only part of a ReadProcessMemory or WriteProcessMemory request was completed. (0x12B)
[0216/143542.658:ERROR:process_memory_win.cc(73)] ReadMemory at 0x410f40 of 60 bytes failed: Only part of a ReadProcessMemory or WriteProcessMemory request was completed. (0x12B)
[0216/143542.658:ERROR:process_memory_win.cc(73)] ReadMemory at 0x410f90 of 58 bytes failed: Only part of a ReadProcessMemory or WriteProcessMemory request was completed. (0x12B)
[0216/143542.658:ERROR:process_memory_win.cc(73)] ReadMemory at 0x410fe0 of 64 bytes failed: Only part of a ReadProcessMemory or WriteProcessMemory request was completed. (0x12B)
[0216/143542.658:ERROR:process_memory_win.cc(73)] ReadMemory at 0x411030 of 60 bytes failed: Only part of a ReadProcessMemory or WriteProcessMemory request was completed. (0x12B)
[0216/143542.658:ERROR:process_memory_win.cc(73)] ReadMemory at 0x411080 of 64 bytes failed: Only part of a ReadProcessMemory or WriteProcessMemory request was completed. (0x12B)
[0216/143542.658:ERROR:process_memory_win.cc(73)] ReadMemory at 0x4110d0 of 62 bytes failed: Only part of a ReadProcessMemory or WriteProcessMemory request was completed. (0x12B)
[0216/143542.658:ERROR:process_memory_win.cc(73)] ReadMemory at 0x411120 of 60 bytes failed: Only part of a ReadProcessMemory or WriteProcessMemory request was completed. (0x12B)
[0216/143542.658:ERROR:process_memory_win.cc(73)] ReadMemory at 0x411170 of 60 bytes failed: Only part of a ReadProcessMemory or WriteProcessMemory request was completed. (0x12B)
[0216/143542.658:ERROR:process_memory_win.cc(73)] ReadMemory at 0x4111c0 of 56 bytes failed: Only part of a ReadProcessMemory or WriteProcessMemory request was completed. (0x12B)
[0216/143542.658:ERROR:process_memory_win.cc(73)] ReadMemory at 0x411210 of 60 bytes failed: Only part of a ReadProcessMemory or WriteProcessMemory request was completed. (0x12B)
[0216/143542.659:ERROR:process_memory_win.cc(73)] ReadMemory at 0x411260 of 64 bytes failed: Only part of a ReadProcessMemory or WriteProcessMemory request was completed. (0x12B)
[0216/143542.659:ERROR:process_memory_win.cc(73)] ReadMemory at 0x4112b0 of 62 bytes failed: Only part of a ReadProcessMemory or WriteProcessMemory request was completed. (0x12B)
[0216/143542.659:ERROR:process_memory_win.cc(73)] ReadMemory at 0x411300 of 64 bytes failed: Only part of a ReadProcessMemory or WriteProcessMemory request was completed. (0x12B)
[0216/143542.659:ERROR:process_memory_win.cc(73)] ReadMemory at 0x411350 of 62 bytes failed: Only part of a ReadProcessMemory or WriteProcessMemory request was completed. (0x12B)
[0216/143542.659:ERROR:process_memory_win.cc(73)] ReadMemory at 0x4113a0 of 58 bytes failed: Only part of a ReadProcessMemory or WriteProcessMemory request was completed. (0x12B)
[0216/143542.659:ERROR:process_memory_win.cc(73)] ReadMemory at 0x4113f0 of 60 bytes failed: Only part of a ReadProcessMemory or WriteProcessMemory request was completed. (0x12B)
[0216/143542.659:ERROR:process_memory_win.cc(73)] ReadMemory at 0x411440 of 64 bytes failed: Only part of a ReadProcessMemory or WriteProcessMemory request was completed. (0x12B)
[0216/143542.659:ERROR:process_memory_win.cc(73)] ReadMemory at 0x411490 of 62 bytes failed: Only part of a ReadProcessMemory or WriteProcessMemory request was completed. (0x12B)
[0216/143542.659:ERROR:process_memory_win.cc(73)] ReadMemory at 0x4114e0 of 62 bytes failed: Only part of a ReadProcessMemory or WriteProcessMemory request was completed. (0x12B)
[0216/143542.659:ERROR:process_memory_win.cc(73)] ReadMemory at 0x411530 of 64 bytes failed: Only part of a ReadProcessMemory or WriteProcessMemory request was completed. (0x12B)
[0216/143542.659:ERROR:process_memory_win.cc(73)] ReadMemory at 0x411ba0 of 132 bytes failed: Only part of a ReadProcessMemory or WriteProcessMemory request was completed. (0x12B)
[0216/143542.659:ERROR:process_memory_win.cc(73)] ReadMemory at 0x411c90 of 132 bytes failed: Only part of a ReadProcessMemory or WriteProcessMemory request was completed. (0x12B)
[0216/143542.659:ERROR:process_memory_win.cc(73)] ReadMemory at 0x411d80 of 132 bytes failed: Only part of a ReadProcessMemory or WriteProcessMemory request was completed. (0x12B)
[0216/143542.659:ERROR:process_memory_win.cc(73)] ReadMemory at 0x411ec0 of 132 bytes failed: Only part of a ReadProcessMemory or WriteProcessMemory request was completed. (0x12B)
[0216/143542.659:ERROR:process_memory_win.cc(73)] ReadMemory at 0x412ab0 of 132 bytes failed: Only part of a ReadProcessMemory or WriteProcessMemory request was completed. (0x12B)
[0216/143542.659:ERROR:process_memory_win.cc(73)] ReadMemory at 0x412ba0 of 132 bytes failed: Only part of a ReadProcessMemory or WriteProcessMemory request was completed. (0x12B)
[0216/143542.659:ERROR:process_memory_win.cc(73)] ReadMemory at 0x412c90 of 132 bytes failed: Only part of a ReadProcessMemory or WriteProcessMemory request was completed. (0x12B)
[0216/143542.660:ERROR:process_memory_win.cc(73)] ReadMemory at 0x412d80 of 132 bytes failed: Only part of a ReadProcessMemory or WriteProcessMemory request was completed. (0x12B)
[0216/143542.660:ERROR:process_memory_win.cc(73)] ReadMemory at 0x412e70 of 132 bytes failed: Only part of a ReadProcessMemory or WriteProcessMemory request was completed. (0x12B)
[0216/143542.660:ERROR:process_memory_win.cc(73)] ReadMemory at 0x412f60 of 132 bytes failed: Only part of a ReadProcessMemory or WriteProcessMemory request was completed. (0x12B)
[0216/143542.660:ERROR:process_memory_win.cc(73)] ReadMemory at 0x413050 of 132 bytes failed: Only part of a ReadProcessMemory or WriteProcessMemory request was completed. (0x12B)
[0216/143542.660:ERROR:process_memory_win.cc(73)] ReadMemory at 0x413140 of 132 bytes failed: Only part of a ReadProcessMemory or WriteProcessMemory request was completed. (0x12B)
[0216/143542.660:ERROR:process_memory_win.cc(73)] ReadMemory at 0x413230 of 132 bytes failed: Only part of a ReadProcessMemory or WriteProcessMemory request was completed. (0x12B)
[0216/143542.660:ERROR:process_memory_win.cc(73)] ReadMemory at 0x413320 of 132 bytes failed: Only part of a ReadProcessMemory or WriteProcessMemory request was completed. (0x12B)
[0216/143542.660:ERROR:process_memory_win.cc(73)] ReadMemory at 0x413410 of 132 bytes failed: Only part of a ReadProcessMemory or WriteProcessMemory request was completed. (0x12B)
[0216/143542.660:ERROR:process_memory_win.cc(73)] ReadMemory at 0x413500 of 132 bytes failed: Only part of a ReadProcessMemory or WriteProcessMemory request was completed. (0x12B)
[0216/143542.660:ERROR:process_memory_win.cc(73)] ReadMemory at 0x4135f0 of 132 bytes failed: Only part of a ReadProcessMemory or WriteProcessMemory request was completed. (0x12B)
[0216/143542.660:ERROR:process_memory_win.cc(73)] ReadMemory at 0x4136e0 of 132 bytes failed: Only part of a ReadProcessMemory or WriteProcessMemory request was completed. (0x12B)
[0216/143542.660:ERROR:process_memory_win.cc(73)] ReadMemory at 0x4137d0 of 132 bytes failed: Only part of a ReadProcessMemory or WriteProcessMemory request was completed. (0x12B)
[0216/143542.660:ERROR:process_memory_win.cc(73)] ReadMemory at 0x4138c0 of 132 bytes failed: Only part of a ReadProcessMemory or WriteProcessMemory request was completed. (0x12B)
[0216/143542.660:ERROR:process_memory_win.cc(73)] ReadMemory at 0x4139b0 of 132 bytes failed: Only part of a ReadProcessMemory or WriteProcessMemory request was completed. (0x12B)
[0216/143542.660:ERROR:process_memory_win.cc(73)] ReadMemory at 0x413aa0 of 132 bytes failed: Only part of a ReadProcessMemory or WriteProcessMemory request was completed. (0x12B)
[0216/143542.660:ERROR:process_memory_win.cc(73)] ReadMemory at 0x413b90 of 132 bytes failed: Only part of a ReadProcessMemory or WriteProcessMemory request was completed. (0x12B)
[0216/143542.660:ERROR:process_memory_win.cc(73)] ReadMemory at 0x413c80 of 132 bytes failed: Only part of a ReadProcessMemory or WriteProcessMemory request was completed. (0x12B)
[0216/143542.660:ERROR:process_memory_win.cc(73)] ReadMemory at 0x413d70 of 132 bytes failed: Only part of a ReadProcessMemory or WriteProcessMemory request was completed. (0x12B)
[0216/143542.661:ERROR:process_memory_win.cc(73)] ReadMemory at 0x413e60 of 132 bytes failed: Only part of a ReadProcessMemory or WriteProcessMemory request was completed. (0x12B)
[0216/143542.661:ERROR:process_memory_win.cc(73)] ReadMemory at 0x413f50 of 132 bytes failed: Only part of a ReadProcessMemory or WriteProcessMemory request was completed. (0x12B)
[0216/143542.661:ERROR:process_memory_win.cc(73)] ReadMemory at 0x414040 of 132 bytes failed: Only part of a ReadProcessMemory or WriteProcessMemory request was completed. (0x12B)
[0216/143542.661:ERROR:process_memory_win.cc(73)] ReadMemory at 0x414130 of 132 bytes failed: Only part of a ReadProcessMemory or WriteProcessMemory request was completed. (0x12B)
[0216/143542.661:ERROR:process_memory_win.cc(73)] ReadMemory at 0x414220 of 132 bytes failed: Only part of a ReadProcessMemory or WriteProcessMemory request was completed. (0x12B)
[0216/143542.661:ERROR:process_memory_win.cc(73)] ReadMemory at 0x414310 of 132 bytes failed: Only part of a ReadProcessMemory or WriteProcessMemory request was completed. (0x12B)
[0216/143542.661:ERROR:process_memory_win.cc(73)] ReadMemory at 0x414400 of 132 bytes failed: Only part of a ReadProcessMemory or WriteProcessMemory request was completed. (0x12B)
[0216/143542.661:ERROR:process_memory_win.cc(73)] ReadMemory at 0x4144f0 of 132 bytes failed: Only part of a ReadProcessMemory or WriteProcessMemory request was completed. (0x12B)
[0216/143542.661:ERROR:process_memory_win.cc(73)] ReadMemory at 0x4145e0 of 132 bytes failed: Only part of a ReadProcessMemory or WriteProcessMemory request was completed. (0x12B)
[0216/143542.661:ERROR:process_memory_win.cc(73)] ReadMemory at 0x41cad0 of 54 bytes failed: Only part of a ReadProcessMemory or WriteProcessMemory request was completed. (0x12B)
[0216/143542.661:ERROR:process_memory_win.cc(73)] ReadMemory at 0x41e790 of 158 bytes failed: Only part of a ReadProcessMemory or WriteProcessMemory request was completed. (0x12B)
[0216/143542.661:ERROR:process_memory_win.cc(73)] ReadMemory at 0x41fb80 of 248 bytes failed: Only part of a ReadProcessMemory or WriteProcessMemory request was completed. (0x12B)
[0216/143542.661:ERROR:process_memory_win.cc(73)] ReadMemory at 0x4383e0 of 512 bytes failed: Only part of a ReadProcessMemory or WriteProcessMemory request was completed. (0x12B)
[0216/143542.661:ERROR:process_memory_win.cc(73)] ReadMemory at 0x438840 of 512 bytes failed: Only part of a ReadProcessMemory or WriteProcessMemory request was completed. (0x12B)
[0216/143542.661:ERROR:process_memory_win.cc(73)] ReadMemory at 0xf05e50 of 512 bytes failed: Only part of a ReadProcessMemory or WriteProcessMemory request was completed. (0x12B)
[0216/143542.661:ERROR:process_memory_win.cc(73)] ReadMemory at 0xf092e8 of 512 bytes failed: Only part of a ReadProcessMemory or WriteProcessMemory request was completed. (0x12B)
[0216/143542.662:ERROR:process_memory_win.cc(73)] ReadMemory at 0xf0d6c0 of 512 bytes failed: Only part of a ReadProcessMemory or WriteProcessMemory request was completed. (0x12B)
[0216/143542.662:ERROR:process_memory_win.cc(73)] ReadMemory at 0x2c561f0 of 512 bytes failed: Only part of a ReadProcessMemory or WriteProcessMemory request was completed. (0x12B)
[0216/143542.662:ERROR:process_memory_win.cc(73)] ReadMemory at 0x2c5de00 of 512 bytes failed: Only part of a ReadProcessMemory or WriteProcessMemory request was completed. (0x12B)
[0216/143542.662:ERROR:process_memory_win.cc(73)] ReadMemory at 0x2c6ab90 of 696 bytes failed: Only part of a ReadProcessMemory or WriteProcessMemory request was completed. (0x12B)
[0216/143542.662:ERROR:process_memory_win.cc(73)] ReadMemory at 0x2c75b20 of 528 bytes failed: Only part of a ReadProcessMemory or WriteProcessMemory request was completed. (0x12B)
[0216/143542.662:ERROR:process_memory_win.cc(73)] ReadMemory at 0x2d14f1e of 626 bytes failed: Only part of a ReadProcessMemory or WriteProcessMemory request was completed. (0x12B)
[0216/143542.662:ERROR:process_memory_win.cc(73)] ReadMemory at 0x2d171e0 of 512 bytes failed: Only part of a ReadProcessMemory or WriteProcessMemory request was completed. (0x12B)
[0216/143542.662:ERROR:process_memory_win.cc(73)] ReadMemory at 0x4cc5000 of 928 bytes failed: Only part of a ReadProcessMemory or WriteProcessMemory request was completed. (0x12B)
[0216/143542.662:ERROR:process_memory_win.cc(73)] ReadMemory at 0x4cde160 of 528 bytes failed: Only part of a ReadProcessMemory or WriteProcessMemory request was completed. (0x12B)
[0216/143542.662:ERROR:process_memory_win.cc(73)] ReadMemory at 0x4d84490 of 512 bytes failed: Only part of a ReadProcessMemory or WriteProcessMemory request was completed. (0x12B)
[0216/143542.662:ERROR:process_memory_win.cc(73)] ReadMemory at 0x4d8bf30 of 512 bytes failed: Only part of a ReadProcessMemory or WriteProcessMemory request was completed. (0x12B)
[0216/143542.662:ERROR:process_memory_win.cc(73)] ReadMemory at 0x4da2680 of 512 bytes failed: Only part of a ReadProcessMemory or WriteProcessMemory request was completed. (0x12B)
[0216/143542.662:ERROR:process_memory_win.cc(73)] ReadMemory at 0x4dd35c0 of 512 bytes failed: Only part of a ReadProcessMemory or WriteProcessMemory request was completed. (0x12B)
[0216/143542.662:ERROR:process_memory_win.cc(73)] ReadMemory at 0x4dd54d0 of 512 bytes failed: Only part of a ReadProcessMemory or WriteProcessMemory request was completed. (0x12B)
[0216/143542.662:ERROR:process_memory_win.cc(73)] ReadMemory at 0x4e9ea70 of 512 bytes failed: Only part of a ReadProcessMemory or WriteProcessMemory request was completed. (0x12B)
[0216/143542.662:ERROR:process_memory_win.cc(73)] ReadMemory at 0x68b0be0 of 672 bytes failed: Only part of a ReadProcessMemory or WriteProcessMemory request was completed. (0x12B)
[0216/143542.663:ERROR:process_memory_win.cc(73)] ReadMemory at 0x698a655 of 512 bytes failed: Only part of a ReadProcessMemory or WriteProcessMemory request was completed. (0x12B)
[0216/143542.663:ERROR:process_memory_win.cc(73)] ReadMemory at 0x69e5790 of 512 bytes failed: Only part of a ReadProcessMemory or WriteProcessMemory request was completed. (0x12B)
[0216/143542.663:ERROR:process_memory_win.cc(73)] ReadMemory at 0x6a60710 of 512 bytes failed: Only part of a ReadProcessMemory or WriteProcessMemory request was completed. (0x12B)
[0216/143542.663:ERROR:process_memory_win.cc(73)] ReadMemory at 0x6af8175 of 512 bytes failed: Only part of a ReadProcessMemory or WriteProcessMemory request was completed. (0x12B)
[0216/143542.663:ERROR:process_memory_win.cc(73)] ReadMemory at 0x7e8c180 of 512 bytes failed: Only part of a ReadProcessMemory or WriteProcessMemory request was completed. (0x12B)
[0216/143542.663:ERROR:process_memory_win.cc(73)] ReadMemory at 0x7e8df80 of 512 bytes failed: Only part of a ReadProcessMemory or WriteProcessMemory request was completed. (0x12B)
[0216/143542.663:ERROR:process_memory_win.cc(73)] ReadMemory at 0x84c78c0 of 520 bytes failed: Only part of a ReadProcessMemory or WriteProcessMemory request was completed. (0x12B)
[0216/143542.663:ERROR:process_memory_win.cc(73)] ReadMemory at 0x85722f0 of 512 bytes failed: Only part of a ReadProcessMemory or WriteProcessMemory request was completed. (0x12B)
[0216/143542.663:ERROR:process_memory_win.cc(73)] ReadMemory at 0x86963f8 of 512 bytes failed: Only part of a ReadProcessMemory or WriteProcessMemory request was completed. (0x12B)
[0216/143542.663:ERROR:process_memory_win.cc(73)] ReadMemory at 0x8816590 of 512 bytes failed: Only part of a ReadProcessMemory or WriteProcessMemory request was completed. (0x12B)
[0216/143542.663:ERROR:process_memory_win.cc(73)] ReadMemory at 0x8a27998 of 512 bytes failed: Only part of a ReadProcessMemory or WriteProcessMemory request was completed. (0x12B)
[0216/143542.663:ERROR:process_memory_win.cc(73)] ReadMemory at 0x8a2d3f8 of 512 bytes failed: Only part of a ReadProcessMemory or WriteProcessMemory request was completed. (0x12B)
[0216/143542.663:ERROR:process_memory_win.cc(73)] ReadMemory at 0x779af4e0 of 512 bytes failed: Only part of a ReadProcessMemory or WriteProcessMemory request was completed. (0x12B)
[0216/143542.663:ERROR:process_memory_win.cc(73)] ReadMemory at 0x77a9a7d0 of 512 bytes failed: Only part of a ReadProcessMemory or WriteProcessMemory request was completed. (0x12B)
[0216/143542.663:ERROR:process_memory_win.cc(73)] ReadMemory at 0x77bc8e80 of 512 bytes failed: Only part of a ReadProcessMemory or WriteProcessMemory request was completed. (0x12B)
[0216/143542.663:ERROR:process_memory_win.cc(73)] ReadMemory at 0x77bc9a10 of 512 bytes failed: Only part of a ReadProcessMemory or WriteProcessMemory request was completed. (0x12B)
[0216/143542.664:ERROR:process_memory_win.cc(73)] ReadMemory at 0x77be17d0 of 512 bytes failed: Only part of a ReadProcessMemory or WriteProcessMemory request was completed. (0x12B)
[0216/143542.664:ERROR:process_memory_win.cc(73)] ReadMemory at 0x77bffe7a of 1280 bytes failed: Only part of a ReadProcessMemory or WriteProcessMemory request was completed. (0x12B)
[0216/143542.664:ERROR:process_memory_win.cc(73)] ReadMemory at 0x77c003ea of 512 bytes failed: Only part of a ReadProcessMemory or WriteProcessMemory request was completed. (0x12B)
[0216/143542.664:ERROR:process_memory_win.cc(73)] ReadMemory at 0x77c0172a of 528 bytes failed: Only part of a ReadProcessMemory or WriteProcessMemory request was completed. (0x12B)
[0216/143542.664:ERROR:process_memory_win.cc(73)] ReadMemory at 0x77cb41f0 of 1064 bytes failed: Only part of a ReadProcessMemory or WriteProcessMemory request was completed. (0x12B)
[0216/143542.664:ERROR:process_memory_win.cc(73)] ReadMemory at 0x77cc7270 of 18 bytes failed: Only part of a ReadProcessMemory or WriteProcessMemory request was completed. (0x12B)
[0216/143542.664:ERROR:process_memory_win.cc(73)] ReadMemory at 0x77ce3640 of 64 bytes failed: Only part of a ReadProcessMemory or WriteProcessMemory request was completed. (0x12B)
[0216/143542.664:ERROR:process_memory_win.cc(73)] ReadMemory at 0x77ce8100 of 48 bytes failed: Only part of a ReadProcessMemory or WriteProcessMemory request was completed. (0x12B)
[0216/143542.664:ERROR:process_memory_win.cc(73)] ReadMemory at 0x77ce8490 of 40 bytes failed: Only part of a ReadProcessMemory or WriteProcessMemory request was completed. (0x12B)
[0216/143542.664:ERROR:process_memory_win.cc(73)] ReadMemory at 0x3237a163bc1 of 512 bytes failed: Only part of a ReadProcessMemory or WriteProcessMemory request was completed. (0x12B)
[0216/143542.664:ERROR:process_memory_win.cc(73)] ReadMemory at 0x6d0c7ee6f21 of 512 bytes failed: Only part of a ReadProcessMemory or WriteProcessMemory request was completed. (0x12B)
[0216/143542.664:ERROR:process_memory_win.cc(73)] ReadMemory at 0x7fee15e0000 of 384 bytes failed: Only part of a ReadProcessMemory or WriteProcessMemory request was completed. (0x12B)
[0216/143542.664:ERROR:process_memory_win.cc(73)] ReadMemory at 0x7fee15e5f96 of 512 bytes failed: Only part of a ReadProcessMemory or WriteProcessMemory request was completed. (0x12B)
[0216/143542.664:ERROR:process_memory_win.cc(73)] ReadMemory at 0x7fee16375a5 of 512 bytes failed: Only part of a ReadProcessMemory or WriteProcessMemory request was completed. (0x12B)
[0216/143542.664:ERROR:process_memory_win.cc(73)] ReadMemory at 0x7fee1e2c5a9 of 512 bytes failed: Only part of a ReadProcessMemory or WriteProcessMemory request was completed. (0x12B)
[0216/143542.664:ERROR:process_memory_win.cc(73)] ReadMemory at 0x7fee1e3c760 of 512 bytes failed: Only part of a ReadProcessMemory or WriteProcessMemory request was completed. (0x12B)
[0216/143542.664:ERROR:process_memory_win.cc(73)] ReadMemory at 0x7fee5ca1285 of 512 bytes failed: Only part of a ReadProcessMemory or WriteProcessMemory request was completed. (0x12B)
[0216/143542.664:ERROR:process_memory_win.cc(73)] ReadMemory at 0x7fee60547c0 of 512 bytes failed: Only part of a ReadProcessMemory or WriteProcessMemory request was completed. (0x12B)
[0216/143542.664:ERROR:process_memory_win.cc(73)] ReadMemory at 0x7fee64647f0 of 512 bytes failed: Only part of a ReadProcessMemory or WriteProcessMemory request was completed. (0x12B)
[0216/143542.664:ERROR:process_memory_win.cc(73)] ReadMemory at 0x7fef17c2c9a of 512 bytes failed: Only part of a ReadProcessMemory or WriteProcessMemory request was completed. (0x12B)
[0216/143542.664:ERROR:process_memory_win.cc(73)] ReadMemory at 0x7fefde1a9fd of 512 bytes failed: Only part of a ReadProcessMemory or WriteProcessMemory request was completed. (0x12B)
[0216/143542.664:ERROR:process_memory_win.cc(73)] ReadMemory at 0x7fffff9a000 of 6024 bytes failed: Only part of a ReadProcessMemory or WriteProcessMemory request was completed. (0x12B)
[0216/143542.664:ERROR:process_memory_win.cc(73)] ReadMemory at 0x7fffff9c000 of 6024 bytes failed: Only part of a ReadProcessMemory or WriteProcessMemory request was completed. (0x12B)
[0216/143542.665:ERROR:process_memory_win.cc(73)] ReadMemory at 0x7fffff9e000 of 6024 bytes failed: Only part of a ReadProcessMemory or WriteProcessMemory request was completed. (0x12B)
[0216/143542.665:ERROR:process_memory_win.cc(73)] ReadMemory at 0x7fffffa0000 of 6024 bytes failed: Only part of a ReadProcessMemory or WriteProcessMemory request was completed. (0x12B)
[0216/143542.665:ERROR:process_memory_win.cc(73)] ReadMemory at 0x7fffffa2000 of 6024 bytes failed: Only part of a ReadProcessMemory or WriteProcessMemory request was completed. (0x12B)
[0216/143542.665:ERROR:process_memory_win.cc(73)] ReadMemory at 0x7fffffa4000 of 6024 bytes failed: Only part of a ReadProcessMemory or WriteProcessMemory request was completed. (0x12B)
[0216/143542.665:ERROR:process_memory_win.cc(73)] ReadMemory at 0x7fffffa6000 of 6024 bytes failed: Only part of a ReadProcessMemory or WriteProcessMemory request was completed. (0x12B)
[0216/143542.665:ERROR:process_memory_win.cc(73)] ReadMemory at 0x7fffffa8000 of 6024 bytes failed: Only part of a ReadProcessMemory or WriteProcessMemory request was completed. (0x12B)
[0216/143542.665:ERROR:process_memory_win.cc(73)] ReadMemory at 0x7fffffaa000 of 6024 bytes failed: Only part of a ReadProcessMemory or WriteProcessMemory request was completed. (0x12B)
[0216/143542.665:ERROR:process_memory_win.cc(73)] ReadMemory at 0x7fffffac000 of 6024 bytes failed: Only part of a ReadProcessMemory or WriteProcessMemory request was completed. (0x12B)
[0216/143542.665:ERROR:process_memory_win.cc(73)] ReadMemory at 0x7fffffae000 of 6024 bytes failed: Only part of a ReadProcessMemory or WriteProcessMemory request was completed. (0x12B)
[0216/143542.665:ERROR:process_memory_win.cc(73)] ReadMemory at 0x7fffffd3000 of 6024 bytes failed: Only part of a ReadProcessMemory or WriteProcessMemory request was completed. (0x12B)
[0216/143542.665:ERROR:process_memory_win.cc(73)] ReadMemory at 0x7fffffd5000 of 6024 bytes failed: Only part of a ReadProcessMemory or WriteProcessMemory request was completed. (0x12B)
[0216/143542.665:ERROR:process_memory_win.cc(73)] ReadMemory at 0x7fffffd7000 of 6024 bytes failed: Only part of a ReadProcessMemory or WriteProcessMemory request was completed. (0x12B)
[0216/143542.665:ERROR:process_memory_win.cc(73)] ReadMemory at 0x7fffffd9000 of 6024 bytes failed: Only part of a ReadProcessMemory or WriteProcessMemory request was completed. (0x12B)
[0216/143542.665:ERROR:process_memory_win.cc(73)] ReadMemory at 0x7fffffdb000 of 6024 bytes failed: Only part of a ReadProcessMemory or WriteProcessMemory request was completed. (0x12B)
[0216/143542.665:ERROR:process_memory_win.cc(73)] ReadMemory at 0x7fffffdd000 of 6024 bytes failed: Only part of a ReadProcessMemory or WriteProcessMemory request was completed. (0x12B)
[0216/143542.665:ERROR:process_memory_win.cc(73)] ReadMemory at 0x7fffffdf000 of 852 bytes failed: Only part of a ReadProcessMemory or WriteProcessMemory request was completed. (0x12B)
[0216/143542.666:ERROR:scoped_process_suspend.cc(40)] NtResumeProcess: An attempt was made to access an exiting process. (0xc000010a)
